<?xml version="1.0" encoding="UTF-8"?>
<testng-results skipped="0" failed="4" total="4" passed="0">
  <reporter-output>
  </reporter-output>
  <suite name="ExtentReport" duration-ms="89620" started-at="2020-06-10T11:01:13Z" finished-at="2020-06-10T11:02:43Z">
    <groups>
    </groups>
    <test name="Test_Project" duration-ms="89620" started-at="2020-06-10T11:01:13Z" finished-at="2020-06-10T11:02:43Z">
      <class name="NUGUAPP_002_연결.연결_05_NUGU_Btv">
        <test-method status="PASS" signature="setupClass(java.lang.String, java.lang.String, java.lang.String, java.lang.String, java.lang.String, java.lang.String, java.lang.String, java.lang.String, java.lang.String)[pri:0, instance:NUGUAPP_002_연결.연결_05_NUGU_Btv@80503]" name="setupClass" is-config="true" duration-ms="43287" started-at="2020-06-10T20:01:13Z" finished-at="2020-06-10T20:01:56Z">
          <params>
            <param index="0">
              <value>
                <![CDATA[Android]]>
              </value>
            </param>
            <param index="1">
              <value>
                <![CDATA[http://0.0.0.0:4723/wd/hub]]>
              </value>
            </param>
            <param index="2">
              <value>
                <![CDATA[PRD]]>
              </value>
            </param>
            <param index="3">
              <value>
                <![CDATA[NUGU_App]]>
              </value>
            </param>
            <param index="4">
              <value>
                <![CDATA[ALDF3NYA6C0D0C654DD2]]>
              </value>
            </param>
            <param index="5">
              <value>
                <![CDATA[ALDEPCKHWOK47386BED6]]>
              </value>
            </param>
            <param index="6">
              <value>
                <![CDATA[out]]>
              </value>
            </param>
            <param index="7">
              <value>
                <![CDATA[90D1A0AA6A3E47A68650377A23AEB0BC]]>
              </value>
            </param>
            <param index="8">
              <value>
                <![CDATA[ce12160cb994301d04]]>
              </value>
            </param>
          </params>
          <reporter-output>
          </reporter-output>
        </test-method> <!-- setupClass -->
        <test-method status="PASS" signature="BeforeMethod(java.lang.reflect.Method)[pri:0, instance:NUGUAPP_002_연결.연결_05_NUGU_Btv@80503]" name="BeforeMethod" is-config="true" duration-ms="5" started-at="2020-06-10T20:01:56Z" finished-at="2020-06-10T20:01:56Z">
          <params>
            <param index="0">
              <value>
                <![CDATA[public void NUGUAPP_002_연결.연결_05_NUGU_Btv.TC_연결_124(java.lang.reflect.Method) throws java.lang.Exception]]>
              </value>
            </param>
          </params>
          <reporter-output>
          </reporter-output>
        </test-method> <!-- BeforeMethod -->
        <test-method status="FAIL" signature="TC_연결_124(java.lang.reflect.Method)[pri:0, instance:NUGUAPP_002_연결.연결_05_NUGU_Btv@80503]" name="TC_연결_124" duration-ms="1935" started-at="2020-06-10T20:01:56Z" description="누구앱 리그레이션 TC : 연결_124" finished-at="2020-06-10T20:01:58Z">
          <params>
            <param index="0">
              <value>
                <![CDATA[public void NUGUAPP_002_연결.연결_05_NUGU_Btv.TC_연결_124(java.lang.reflect.Method) throws java.lang.Exception]]>
              </value>
            </param>
          </params>
          <exception class="junit.framework.AssertionFailedError">
            <full-stacktrace>
              <![CDATA[junit.framework.AssertionFailedError
	at junit.framework.Assert.fail(Assert.java:47)
	at junit.framework.Assert.assertTrue(Assert.java:20)
	at junit.framework.Assert.assertTrue(Assert.java:27)
	at NUGUAPP_002_연결.연결_05_NUGU_Btv.TC_연결_124(연결_05_NUGU_Btv.java:60)
	at sun.reflect.NativeMethodAccessorImpl.invoke0(Native Method)
	at sun.reflect.NativeMethodAccessorImpl.invoke(Unknown Source)
	at sun.reflect.DelegatingMethodAccessorImpl.invoke(Unknown Source)
	at java.lang.reflect.Method.invoke(Unknown Source)
	at org.testng.internal.MethodInvocationHelper.invokeMethod(MethodInvocationHelper.java:86)
	at org.testng.internal.Invoker.invokeMethod(Invoker.java:643)
	at org.testng.internal.Invoker.invokeTestMethod(Invoker.java:820)
	at org.testng.internal.Invoker.invokeTestMethods(Invoker.java:1128)
	at org.testng.internal.TestMethodWorker.invokeTestMethods(TestMethodWorker.java:129)
	at org.testng.internal.TestMethodWorker.run(TestMethodWorker.java:112)
	at org.testng.TestRunner.privateRun(TestRunner.java:782)
	at org.testng.TestRunner.run(TestRunner.java:632)
	at org.testng.SuiteRunner.runTest(SuiteRunner.java:366)
	at org.testng.SuiteRunner.access$000(SuiteRunner.java:39)
	at org.testng.SuiteRunner$SuiteWorker.run(SuiteRunner.java:400)
	at org.testng.internal.thread.ThreadUtil$2.call(ThreadUtil.java:64)
	at java.util.concurrent.FutureTask.run(Unknown Source)
	at java.util.concurrent.ThreadPoolExecutor.runWorker(Unknown Source)
	at java.util.concurrent.ThreadPoolExecutor$Worker.run(Unknown Source)
	at java.lang.Thread.run(Unknown Source)
]]>
            </full-stacktrace>
          </exception> <!-- junit.framework.AssertionFailedError -->
          <reporter-output>
          </reporter-output>
        </test-method> <!-- TC_연결_124 -->
        <test-method status="PASS" signature="AfterMethod(org.testng.ITestResult)[pri:0, instance:NUGUAPP_002_연결.연결_05_NUGU_Btv@80503]" name="AfterMethod" is-config="true" duration-ms="611" started-at="2020-06-10T20:01:58Z" finished-at="2020-06-10T20:01:59Z">
          <params>
            <param index="0">
              <value>
                <![CDATA[[TestResult name=TC_연결_124 status=FAILURE method=연결_05_NUGU_Btv.TC_연결_124(java.lang.reflect.Method)[pri:0, instance:NUGUAPP_002_연결.연결_05_NUGU_Btv@80503] output={null}]]]>
              </value>
            </param>
          </params>
          <reporter-output>
          </reporter-output>
        </test-method> <!-- AfterMethod -->
        <test-method status="PASS" signature="BeforeMethod(java.lang.reflect.Method)[pri:0, instance:NUGUAPP_002_연결.연결_05_NUGU_Btv@80503]" name="BeforeMethod" is-config="true" duration-ms="0" started-at="2020-06-10T20:01:59Z" finished-at="2020-06-10T20:01:59Z">
          <params>
            <param index="0">
              <value>
                <![CDATA[public void NUGUAPP_002_연결.연결_05_NUGU_Btv.TC_연결_218(java.lang.reflect.Method) throws java.lang.Exception]]>
              </value>
            </param>
          </params>
          <reporter-output>
          </reporter-output>
        </test-method> <!-- BeforeMethod -->
        <test-method status="FAIL" signature="TC_연결_218(java.lang.reflect.Method)[pri:0, instance:NUGUAPP_002_연결.연결_05_NUGU_Btv@80503]" name="TC_연결_218" duration-ms="11394" started-at="2020-06-10T20:01:59Z" description="누구앱 리그레이션 TC : 연결_218" finished-at="2020-06-10T20:02:10Z">
          <params>
            <param index="0">
              <value>
                <![CDATA[public void NUGUAPP_002_연결.연결_05_NUGU_Btv.TC_연결_218(java.lang.reflect.Method) throws java.lang.Exception]]>
              </value>
            </param>
          </params>
          <exception class="org.openqa.selenium.TimeoutException">
            <message>
              <![CDATA[Expected condition failed: waiting for element to be clickable: By.id: loginButton (tried for 10 second(s) with 500 milliseconds interval)]]>
            </message>
            <full-stacktrace>
              <![CDATA[org.openqa.selenium.TimeoutException: Expected condition failed: waiting for element to be clickable: By.id: loginButton (tried for 10 second(s) with 500 milliseconds interval)
	at org.openqa.selenium.support.ui.WebDriverWait.timeoutException(WebDriverWait.java:113)
	at org.openqa.selenium.support.ui.FluentWait.until(FluentWait.java:283)
	at unit.Utilities.WaitfindElement(Utilities.java:131)
	at unit.Utilities.click(Utilities.java:719)
	at NUGUAPP_002_연결.연결_05_NUGU_Btv.TC_연결_218(연결_05_NUGU_Btv.java:19)
	at sun.reflect.NativeMethodAccessorImpl.invoke0(Native Method)
	at sun.reflect.NativeMethodAccessorImpl.invoke(Unknown Source)
	at sun.reflect.DelegatingMethodAccessorImpl.invoke(Unknown Source)
	at java.lang.reflect.Method.invoke(Unknown Source)
	at org.testng.internal.MethodInvocationHelper.invokeMethod(MethodInvocationHelper.java:86)
	at org.testng.internal.Invoker.invokeMethod(Invoker.java:643)
	at org.testng.internal.Invoker.invokeTestMethod(Invoker.java:820)
	at org.testng.internal.Invoker.invokeTestMethods(Invoker.java:1128)
	at org.testng.internal.TestMethodWorker.invokeTestMethods(TestMethodWorker.java:129)
	at org.testng.internal.TestMethodWorker.run(TestMethodWorker.java:112)
	at org.testng.TestRunner.privateRun(TestRunner.java:782)
	at org.testng.TestRunner.run(TestRunner.java:632)
	at org.testng.SuiteRunner.runTest(SuiteRunner.java:366)
	at org.testng.SuiteRunner.access$000(SuiteRunner.java:39)
	at org.testng.SuiteRunner$SuiteWorker.run(SuiteRunner.java:400)
	at org.testng.internal.thread.ThreadUtil$2.call(ThreadUtil.java:64)
	at java.util.concurrent.FutureTask.run(Unknown Source)
	at java.util.concurrent.ThreadPoolExecutor.runWorker(Unknown Source)
	at java.util.concurrent.ThreadPoolExecutor$Worker.run(Unknown Source)
	at java.lang.Thread.run(Unknown Source)
Caused by: org.openqa.selenium.NoSuchElementException: Cannot locate an element using By.id: loginButton
For documentation on this error, please visit: http://seleniumhq.org/exceptions/no_such_element.html
Build info: version: '3.14.0', revision: 'aacccce0', time: '2018-08-02T20:19:58.91Z'
System info: host: 'DESKTOP-UMRR3LS', ip: '192.168.55.151', os.name: 'Windows 10', os.arch: 'amd64', os.version: '10.0', java.version: '1.8.0_251'
Driver info: driver.version: unknown
	at org.openqa.selenium.support.ui.ExpectedConditions.lambda$findElement$0(ExpectedConditions.java:896)
	at java.util.Optional.orElseThrow(Unknown Source)
	at org.openqa.selenium.support.ui.ExpectedConditions.findElement(ExpectedConditions.java:895)
	at org.openqa.selenium.support.ui.ExpectedConditions.access$000(ExpectedConditions.java:44)
	at org.openqa.selenium.support.ui.ExpectedConditions$7.apply(ExpectedConditions.java:206)
	at org.openqa.selenium.support.ui.ExpectedConditions$7.apply(ExpectedConditions.java:202)
	at org.openqa.selenium.support.ui.ExpectedConditions$22.apply(ExpectedConditions.java:657)
	at org.openqa.selenium.support.ui.ExpectedConditions$22.apply(ExpectedConditions.java:654)
	at org.openqa.selenium.support.ui.FluentWait.until(FluentWait.java:260)
	... 23 more
]]>
            </full-stacktrace>
          </exception> <!-- org.openqa.selenium.TimeoutException -->
          <reporter-output>
          </reporter-output>
        </test-method> <!-- TC_연결_218 -->
        <test-method status="PASS" signature="AfterMethod(org.testng.ITestResult)[pri:0, instance:NUGUAPP_002_연결.연결_05_NUGU_Btv@80503]" name="AfterMethod" is-config="true" duration-ms="746" started-at="2020-06-10T20:02:10Z" finished-at="2020-06-10T20:02:11Z">
          <params>
            <param index="0">
              <value>
                <![CDATA[[TestResult name=TC_연결_218 status=FAILURE method=연결_05_NUGU_Btv.TC_연결_218(java.lang.reflect.Method)[pri:0, instance:NUGUAPP_002_연결.연결_05_NUGU_Btv@80503] output={null}]]]>
              </value>
            </param>
          </params>
          <reporter-output>
          </reporter-output>
        </test-method> <!-- AfterMethod -->
        <test-method status="FAIL" signature="TC_연결_220(java.lang.reflect.Method)[pri:0, instance:NUGUAPP_002_연결.연결_05_NUGU_Btv@80503]" name="TC_연결_220" duration-ms="11439" started-at="2020-06-10T20:02:11Z" description="누구앱 리그레이션 TC : 연결_220" finished-at="2020-06-10T20:02:22Z">
          <params>
            <param index="0">
              <value>
                <![CDATA[public void NUGUAPP_002_연결.연결_05_NUGU_Btv.TC_연결_220(java.lang.reflect.Method) throws java.lang.Exception]]>
              </value>
            </param>
          </params>
          <exception class="org.openqa.selenium.TimeoutException">
            <message>
              <![CDATA[Expected condition failed: waiting for element to be clickable: By.id: helpButton (tried for 10 second(s) with 500 milliseconds interval)]]>
            </message>
            <full-stacktrace>
              <![CDATA[org.openqa.selenium.TimeoutException: Expected condition failed: waiting for element to be clickable: By.id: helpButton (tried for 10 second(s) with 500 milliseconds interval)
	at org.openqa.selenium.support.ui.WebDriverWait.timeoutException(WebDriverWait.java:113)
	at org.openqa.selenium.support.ui.FluentWait.until(FluentWait.java:283)
	at unit.Utilities.WaitfindElement(Utilities.java:131)
	at unit.Utilities.getText(Utilities.java:814)
	at NUGUAPP_002_연결.연결_05_NUGU_Btv.TC_연결_220(연결_05_NUGU_Btv.java:70)
	at sun.reflect.NativeMethodAccessorImpl.invoke0(Native Method)
	at sun.reflect.NativeMethodAccessorImpl.invoke(Unknown Source)
	at sun.reflect.DelegatingMethodAccessorImpl.invoke(Unknown Source)
	at java.lang.reflect.Method.invoke(Unknown Source)
	at org.testng.internal.MethodInvocationHelper.invokeMethod(MethodInvocationHelper.java:86)
	at org.testng.internal.Invoker.invokeMethod(Invoker.java:643)
	at org.testng.internal.Invoker.invokeTestMethod(Invoker.java:820)
	at org.testng.internal.Invoker.invokeTestMethods(Invoker.java:1128)
	at org.testng.internal.TestMethodWorker.invokeTestMethods(TestMethodWorker.java:129)
	at org.testng.internal.TestMethodWorker.run(TestMethodWorker.java:112)
	at org.testng.TestRunner.privateRun(TestRunner.java:782)
	at org.testng.TestRunner.run(TestRunner.java:632)
	at org.testng.SuiteRunner.runTest(SuiteRunner.java:366)
	at org.testng.SuiteRunner.access$000(SuiteRunner.java:39)
	at org.testng.SuiteRunner$SuiteWorker.run(SuiteRunner.java:400)
	at org.testng.internal.thread.ThreadUtil$2.call(ThreadUtil.java:64)
	at java.util.concurrent.FutureTask.run(Unknown Source)
	at java.util.concurrent.ThreadPoolExecutor.runWorker(Unknown Source)
	at java.util.concurrent.ThreadPoolExecutor$Worker.run(Unknown Source)
	at java.lang.Thread.run(Unknown Source)
Caused by: org.openqa.selenium.NoSuchElementException: Cannot locate an element using By.id: helpButton
For documentation on this error, please visit: http://seleniumhq.org/exceptions/no_such_element.html
Build info: version: '3.14.0', revision: 'aacccce0', time: '2018-08-02T20:19:58.91Z'
System info: host: 'DESKTOP-UMRR3LS', ip: '192.168.55.151', os.name: 'Windows 10', os.arch: 'amd64', os.version: '10.0', java.version: '1.8.0_251'
Driver info: driver.version: unknown
	at org.openqa.selenium.support.ui.ExpectedConditions.lambda$findElement$0(ExpectedConditions.java:896)
	at java.util.Optional.orElseThrow(Unknown Source)
	at org.openqa.selenium.support.ui.ExpectedConditions.findElement(ExpectedConditions.java:895)
	at org.openqa.selenium.support.ui.ExpectedConditions.access$000(ExpectedConditions.java:44)
	at org.openqa.selenium.support.ui.ExpectedConditions$7.apply(ExpectedConditions.java:206)
	at org.openqa.selenium.support.ui.ExpectedConditions$7.apply(ExpectedConditions.java:202)
	at org.openqa.selenium.support.ui.ExpectedConditions$22.apply(ExpectedConditions.java:657)
	at org.openqa.selenium.support.ui.ExpectedConditions$22.apply(ExpectedConditions.java:654)
	at org.openqa.selenium.support.ui.FluentWait.until(FluentWait.java:260)
	... 23 more
]]>
            </full-stacktrace>
          </exception> <!-- org.openqa.selenium.TimeoutException -->
          <reporter-output>
          </reporter-output>
        </test-method> <!-- TC_연결_220 -->
        <test-method status="PASS" signature="BeforeMethod(java.lang.reflect.Method)[pri:0, instance:NUGUAPP_002_연결.연결_05_NUGU_Btv@80503]" name="BeforeMethod" is-config="true" duration-ms="0" started-at="2020-06-10T20:02:11Z" finished-at="2020-06-10T20:02:11Z">
          <params>
            <param index="0">
              <value>
                <![CDATA[public void NUGUAPP_002_연결.연결_05_NUGU_Btv.TC_연결_220(java.lang.reflect.Method) throws java.lang.Exception]]>
              </value>
            </param>
          </params>
          <reporter-output>
          </reporter-output>
        </test-method> <!-- BeforeMethod -->
        <test-method status="PASS" signature="AfterMethod(org.testng.ITestResult)[pri:0, instance:NUGUAPP_002_연결.연결_05_NUGU_Btv@80503]" name="AfterMethod" is-config="true" duration-ms="845" started-at="2020-06-10T20:02:22Z" finished-at="2020-06-10T20:02:23Z">
          <params>
            <param index="0">
              <value>
                <![CDATA[[TestResult name=TC_연결_220 status=FAILURE method=연결_05_NUGU_Btv.TC_연결_220(java.lang.reflect.Method)[pri:0, instance:NUGUAPP_002_연결.연결_05_NUGU_Btv@80503] output={null}]]]>
              </value>
            </param>
          </params>
          <reporter-output>
          </reporter-output>
        </test-method> <!-- AfterMethod -->
        <test-method status="FAIL" signature="TC_연결_224(java.lang.reflect.Method)[pri:0, instance:NUGUAPP_002_연결.연결_05_NUGU_Btv@80503]" name="TC_연결_224" duration-ms="11670" started-at="2020-06-10T20:02:23Z" description="누구앱 리그레이션 TC : 연결_224" finished-at="2020-06-10T20:02:35Z">
          <params>
            <param index="0">
              <value>
                <![CDATA[public void NUGUAPP_002_연결.연결_05_NUGU_Btv.TC_연결_224(java.lang.reflect.Method) throws java.lang.Exception]]>
              </value>
            </param>
          </params>
          <exception class="org.openqa.selenium.TimeoutException">
            <message>
              <![CDATA[Expected condition failed: waiting for element to be clickable: By.id: nextButton (tried for 10 second(s) with 500 milliseconds interval)]]>
            </message>
            <full-stacktrace>
              <![CDATA[org.openqa.selenium.TimeoutException: Expected condition failed: waiting for element to be clickable: By.id: nextButton (tried for 10 second(s) with 500 milliseconds interval)
	at org.openqa.selenium.support.ui.WebDriverWait.timeoutException(WebDriverWait.java:113)
	at org.openqa.selenium.support.ui.FluentWait.until(FluentWait.java:283)
	at unit.Utilities.WaitfindElement(Utilities.java:131)
	at unit.Utilities.click(Utilities.java:719)
	at NUGUAPP_002_연결.연결_05_NUGU_Btv.TC_연결_224(연결_05_NUGU_Btv.java:92)
	at sun.reflect.NativeMethodAccessorImpl.invoke0(Native Method)
	at sun.reflect.NativeMethodAccessorImpl.invoke(Unknown Source)
	at sun.reflect.DelegatingMethodAccessorImpl.invoke(Unknown Source)
	at java.lang.reflect.Method.invoke(Unknown Source)
	at org.testng.internal.MethodInvocationHelper.invokeMethod(MethodInvocationHelper.java:86)
	at org.testng.internal.Invoker.invokeMethod(Invoker.java:643)
	at org.testng.internal.Invoker.invokeTestMethod(Invoker.java:820)
	at org.testng.internal.Invoker.invokeTestMethods(Invoker.java:1128)
	at org.testng.internal.TestMethodWorker.invokeTestMethods(TestMethodWorker.java:129)
	at org.testng.internal.TestMethodWorker.run(TestMethodWorker.java:112)
	at org.testng.TestRunner.privateRun(TestRunner.java:782)
	at org.testng.TestRunner.run(TestRunner.java:632)
	at org.testng.SuiteRunner.runTest(SuiteRunner.java:366)
	at org.testng.SuiteRunner.access$000(SuiteRunner.java:39)
	at org.testng.SuiteRunner$SuiteWorker.run(SuiteRunner.java:400)
	at org.testng.internal.thread.ThreadUtil$2.call(ThreadUtil.java:64)
	at java.util.concurrent.FutureTask.run(Unknown Source)
	at java.util.concurrent.ThreadPoolExecutor.runWorker(Unknown Source)
	at java.util.concurrent.ThreadPoolExecutor$Worker.run(Unknown Source)
	at java.lang.Thread.run(Unknown Source)
Caused by: org.openqa.selenium.NoSuchElementException: Cannot locate an element using By.id: nextButton
For documentation on this error, please visit: http://seleniumhq.org/exceptions/no_such_element.html
Build info: version: '3.14.0', revision: 'aacccce0', time: '2018-08-02T20:19:58.91Z'
System info: host: 'DESKTOP-UMRR3LS', ip: '192.168.55.151', os.name: 'Windows 10', os.arch: 'amd64', os.version: '10.0', java.version: '1.8.0_251'
Driver info: driver.version: unknown
	at org.openqa.selenium.support.ui.ExpectedConditions.lambda$findElement$0(ExpectedConditions.java:896)
	at java.util.Optional.orElseThrow(Unknown Source)
	at org.openqa.selenium.support.ui.ExpectedConditions.findElement(ExpectedConditions.java:895)
	at org.openqa.selenium.support.ui.ExpectedConditions.access$000(ExpectedConditions.java:44)
	at org.openqa.selenium.support.ui.ExpectedConditions$7.apply(ExpectedConditions.java:206)
	at org.openqa.selenium.support.ui.ExpectedConditions$7.apply(ExpectedConditions.java:202)
	at org.openqa.selenium.support.ui.ExpectedConditions$22.apply(ExpectedConditions.java:657)
	at org.openqa.selenium.support.ui.ExpectedConditions$22.apply(ExpectedConditions.java:654)
	at org.openqa.selenium.support.ui.FluentWait.until(FluentWait.java:260)
	... 23 more
]]>
            </full-stacktrace>
          </exception> <!-- org.openqa.selenium.TimeoutException -->
          <reporter-output>
          </reporter-output>
        </test-method> <!-- TC_연결_224 -->
        <test-method status="PASS" signature="BeforeMethod(java.lang.reflect.Method)[pri:0, instance:NUGUAPP_002_연결.연결_05_NUGU_Btv@80503]" name="BeforeMethod" is-config="true" duration-ms="0" started-at="2020-06-10T20:02:23Z" finished-at="2020-06-10T20:02:23Z">
          <params>
            <param index="0">
              <value>
                <![CDATA[public void NUGUAPP_002_연결.연결_05_NUGU_Btv.TC_연결_224(java.lang.reflect.Method) throws java.lang.Exception]]>
              </value>
            </param>
          </params>
          <reporter-output>
          </reporter-output>
        </test-method> <!-- BeforeMethod -->
        <test-method status="PASS" signature="AfterMethod(org.testng.ITestResult)[pri:0, instance:NUGUAPP_002_연결.연결_05_NUGU_Btv@80503]" name="AfterMethod" is-config="true" duration-ms="734" started-at="2020-06-10T20:02:35Z" finished-at="2020-06-10T20:02:36Z">
          <params>
            <param index="0">
              <value>
                <![CDATA[[TestResult name=TC_연결_224 status=FAILURE method=연결_05_NUGU_Btv.TC_연결_224(java.lang.reflect.Method)[pri:0, instance:NUGUAPP_002_연결.연결_05_NUGU_Btv@80503] output={null}]]]>
              </value>
            </param>
          </params>
          <reporter-output>
          </reporter-output>
        </test-method> <!-- AfterMethod -->
        <test-method status="PASS" signature="tearDownClass(java.lang.String, java.lang.String, java.lang.String, java.lang.String, java.lang.String, java.lang.String)[pri:0, instance:NUGUAPP_002_연결.연결_05_NUGU_Btv@80503]" name="tearDownClass" is-config="true" duration-ms="6932" started-at="2020-06-10T20:02:36Z" finished-at="2020-06-10T20:02:43Z">
          <params>
            <param index="0">
              <value>
                <![CDATA[ALDF3NYA6C0D0C654DD2]]>
              </value>
            </param>
            <param index="1">
              <value>
                <![CDATA[ALDEPCKHWOK47386BED6]]>
              </value>
            </param>
            <param index="2">
              <value>
                <![CDATA[PRD]]>
              </value>
            </param>
            <param index="3">
              <value>
                <![CDATA[out]]>
              </value>
            </param>
            <param index="4">
              <value>
                <![CDATA[90D1A0AA6A3E47A68650377A23AEB0BC]]>
              </value>
            </param>
            <param index="5">
              <value>
                <![CDATA[ce12160cb994301d04]]>
              </value>
            </param>
          </params>
          <reporter-output>
          </reporter-output>
        </test-method> <!-- tearDownClass -->
      </class> <!-- NUGUAPP_002_연결.연결_05_NUGU_Btv -->
    </test> <!-- Test_Project -->
  </suite> <!-- ExtentReport -->
</testng-results>
